This is pdfTeX, Version 3.141592653-2.6-1.40.24 (TeX Live 2022/Debian) (preloaded format=pdflatex 2023.2.4)  4 FEB 2023 16:19
entering extended mode
 restricted \write18 enabled.
 %&-line parsing enabled.
**nfssfont.tex
(/usr/share/texlive/texmf-dist/tex/latex/base/nfssfont.tex
LaTeX2e <2022-11-01>
L3 programming layer <2022-11-02>
(/usr/share/texlive/texmf-dist/tex/latex/base/article.cls
Document Class: article 2022/07/02 v1.4n Standard LaTeX document class
(/usr/share/texlive/texmf-dist/tex/latex/base/size10.clo
File: size10.clo 2022/07/02 v1.4n Standard LaTeX file (size option)
)
\c@part=\count185
\c@section=\count186
\c@subsection=\count187
\c@subsubsection=\count188
\c@paragraph=\count189
\c@subparagraph=\count190
\c@figure=\count191
\c@table=\count192
\abovecaptionskip=\skip47
\belowcaptionskip=\skip48
\bibindent=\dimen140
)
No auxiliary output files.

**********************************************
* NFSS font test program version <v2.2e>
*
* Follow the instructions
**********************************************

\m=\count193
\n=\count194
\p=\count195
\dim=\dimen141
\skewtrial=\count196
(/usr/share/texlive/texmf-dist/tex/latex/l3backend/l3backend-pdftex.def
File: l3backend-pdftex.def 2022-10-26 L3 backend support: PDF output (pdfTeX)
\l__color_backend_stack_int=\count197
\l__pdf_internal_box=\box51
)
LaTeX Font Info:    Checking defaults for OML/cmm/m/it on input line 342.
LaTeX Font Info:    ... okay on input line 342.
LaTeX Font Info:    Checking defaults for OMS/cmsy/m/n on input line 342.
LaTeX Font Info:    ... okay on input line 342.
LaTeX Font Info:    Checking defaults for OT1/cmr/m/n on input line 342.
LaTeX Font Info:    ... okay on input line 342.
LaTeX Font Info:    Checking defaults for T1/cmr/m/n on input line 342.
LaTeX Font Info:    ... okay on input line 342.
LaTeX Font Info:    Checking defaults for TS1/cmr/m/n on input line 342.
LaTeX Font Info:    ... okay on input line 342.
LaTeX Font Info:    Checking defaults for OMX/cmex/m/n on input line 342.
LaTeX Font Info:    ... okay on input line 342.
LaTeX Font Info:    Checking defaults for U/cmr/m/n on input line 342.
LaTeX Font Info:    ... okay on input line 342.

Input external font name, e.g., cmr10
(or <enter> for NFSS classification of font):

\currfontname=


*** NFSS classification ***

Font encoding [T1]:

\encoding=
Font family [cmr]:

\family=
Font series [m]:

\series=
Font shape [n]:

\shape=
Font size [10pt]:

\size=
Now type a test command or \help for help [ \table \bye ]:

\action=\help

\init switches to another font;
\stop or \bye finishes the run;
\table prints the font layout in tabular format;
\text prints a sample text, assuming TeX text font conventions;
\sample combines \table and \text;
\mixture mixes a background character with a series of others;
\alternation interleaves a background character with a series;
\alphabet prints all lowercase letters within a given background;
\ALPHABET prints all uppercase letters within a given background;
\series prints a series of letters within a given background;
\lowers prints a comprehensive test of lowercase;
\uppers prints a comprehensive test of uppercase;
\digits prints a comprehensive test of numerals;
\math prints a comprehensive test of TeX math italic;
\names prints a text that mixes upper and lower case;
\punct prints a punctuation test;
\bigtest combines many of the above routines;
\help repeats this message;
and you can use ordinary TeX commands (e.g., to \input a file).)
*
(Please type a command or say `\end')
*\bigtest
LaTeX Font Info:    External font `cmex10' loaded for size
(Font)              <7> on input line 0.
LaTeX Font Info:    External font `cmex10' loaded for size
(Font)              <5> on input line 0.
[1

{/var/lib/texmf/fonts/map/pdftex/updmap/pdftex.map}] [2] [3]
*\table
[4]
*
(Please type a command or say `\end')
*\end

*
Runaway argument?
! Paragraph ended before \end  was complete.
<to be read again> 
                   \par 
<*> 
    
? 
(Please type a command or say `\end')
*\end

*`\end

! LaTeX Error: \begin{document} ended by \end{`}.

See the LaTeX manual or LaTeX Companion for explanation.
Type  H <return>  for immediate help.
 ...                                              
                                                  
<*> `
     \end
? 
! Extra \endgroup.
<recently read> \endgroup 
                          
<*> `
     \end
? \end
Type <return> to proceed, S to scroll future error messages,
R to run without stopping, Q to run quietly,
I to insert something, 
1 or ... or 9 to ignore the next 1 to 9 tokens of input,
H for help, X to quit.
? H
Things are pretty mixed up, but I think the worst is over.

? H
Sorry, I already gave what help I could...
Maybe you should try asking a human?
An error might have occurred before I noticed any problems.
``If all else fails, read the instructions.''

? 

*R
! Improper \endR.
<recently read> \endR 
                      
<*> R
     
? R
OK, entering \nonstopmode...

! LaTeX Error: \begin{document} ended by \end{R}.

See the LaTeX manual or LaTeX Companion for explanation.
Type  H <return>  for immediate help.
 ...                                              
                                                  
<*> R
     
Your command was ignored.
Type  I <command> <return>  to replace it with another command,
or  <return>  to continue without it.

! Extra \endgroup.
<recently read> \endgroup 
                          
<*> R
     
Things are pretty mixed up, but I think the worst is over.

! Emergency stop.
<*> R
     
*** (job aborted, no legal \end found)

 
Here is how much of TeX's memory you used:
 506 strings out of 476931
 8918 string characters out of 5825525
 406485 words of memory out of 5000000
 21839 multiletter control sequences out of 15000+600000
 470536 words of font info for 31 fonts, out of 8000000 for 9000
 14 hyphenation exceptions out of 8191
 34i,7n,38p,135b,137s stack positions out of 10000i,1000n,20000p,200000b,200000s
!  ==> Fatal error occurred, no output PDF file produced!
